<?xml version="1.0" encoding="UTF-8"?>
<!-- Generated by org.testng.reporters.JUnitReportReporter -->
<testsuite hostname="STREAMSOFT-0271" failures="0" tests="3" name="test.InputValidatorTest" time="0.003" errors="0" timestamp="2022-03-22T15:49:21 CET" skipped="0">
  <testcase classname="test.InputValidatorTest" name="shouldThrowNegativeValueException_whenValueNegative" time="0.001"/>
  <system-out/>
  <testcase classname="test.InputValidatorTest" name="shouldThrowsDateAfterTodayException_whenDateAfterToday" time="0.001"/>
  <system-out/>
  <testcase classname="test.InputValidatorTest" name="shouldThrowDateBeforeFirstException_whenDateBeforeFirst" time="0.001"/>
  <system-out/>
</testsuite> <!-- test.InputValidatorTest -->
