<?xml version="1.0" encoding="UTF-8"?>
<!-- Generated by org.testng.reporters.JUnitReportReporter -->
<testsuite hostname="STREAMSOFT-0271" failures="0" tests="4" name="test.CachedConnectionTest" time="0.011" errors="0" timestamp="2022-03-22T15:49:21 CET" skipped="0">
  <testcase classname="test.CachedConnectionTest" name="shouldFindExpectedRateDate_whenFindingRateData" time="0.009"/>
  <system-out/>
  <testcase classname="test.CachedConnectionTest" name="shouldSavedRateData_whenFindingSavedRateData" time="0.001"/>
  <system-out/>
  <testcase classname="test.CachedConnectionTest" name="shouldReturnDiffrentRateDate_whenFindingRequestWithNewCurrency" time="0.001"/>
  <system-out/>
  <testcase classname="test.CachedConnectionTest" name="shouldReturnNull_whenFindingRequestWithNewDate" time="0.000"/>
  <system-out/>
</testsuite> <!-- test.CachedConnectionTest -->
