<?xml version="1.0" encoding="UTF-8"?>
<!-- Generated by org.testng.reporters.JUnitReportReporter -->
<testsuite hostname="STREAMSOFT-0271" failures="0" tests="2" name="test.CurrencyCalculatorTest" time="0.005" errors="0" timestamp="2022-03-22T15:49:21 CET" skipped="0">
  <testcase classname="test.CurrencyCalculatorTest" name="shouldReturnCorrectValue_whenInputCorrectOnCalculateTFromPln" time="0.001"/>
  <system-out/>
  <testcase classname="test.CurrencyCalculatorTest" name="shouldReturnCorrectValue_whenInputCorrectOnCalculateToPln" time="0.004"/>
  <system-out/>
</testsuite> <!-- test.CurrencyCalculatorTest -->
