<?xml version="1.0" encoding="UTF-8"?>
<!-- Generated by org.testng.reporters.JUnitReportReporter -->
<testsuite hostname="STREAMSOFT-0271" failures="0" tests="2" name="test.ApiConnectionTest" time="0.361" errors="0" timestamp="2022-03-22T15:49:21 CET" skipped="0">
  <testcase classname="test.ApiConnectionTest" name="shouldCorrectRateFromDate_whenFindingApiRateData" time="0.280"/>
  <system-out/>
  <testcase classname="test.ApiConnectionTest" name="shouldReturnNull_whenFindingOlderRateData" time="0.081"/>
  <system-out/>
</testsuite> <!-- test.ApiConnectionTest -->
