<?xml version="1.0" encoding="UTF-8"?>
<!-- Generated by org.testng.reporters.JUnitReportReporter -->
<testsuite hostname="STREAMSOFT-0271" failures="0" tests="1" name="test.UrlCreatorTest" time="0.000" errors="0" timestamp="2022-03-22T15:49:21 CET" skipped="0">
  <testcase classname="test.UrlCreatorTest" name="shouldReturnCorrectURL_whenCorrectUrlreturned" time="0.000"/>
  <system-out/>
</testsuite> <!-- test.UrlCreatorTest -->
