<?xml version="1.0" encoding="UTF-8"?>
<!-- Generated by org.testng.reporters.JUnitReportReporter -->
<testsuite hostname="STREAMSOFT-0271" failures="0" tests="2" name="test.FileConnectionTest" time="0.004" errors="0" timestamp="2022-03-22T15:49:21 CET" skipped="0">
  <testcase classname="test.FileConnectionTest" name="shouldReturnTheSameRateData_whenFindingOlderRateData" time="0.002"/>
  <system-out/>
  <testcase classname="test.FileConnectionTest" name="shouldReturnRateData_whenFindingApiRateData" time="0.002"/>
  <system-out/>
</testsuite> <!-- test.FileConnectionTest -->
